<?xml version="1.0" encoding="UTF-8"?>
<!-- Generated by org.testng.reporters.JUnitReportReporter -->
<testsuite hostname="k2so" failures="0" tests="1" name="basics1" time="2.411" errors="0" timestamp="19 Jul 2019 03:58:26 GMT" skipped="0">
  <testcase classname="basics1" name="getAPI" time="2.411"/>
</testsuite> <!-- basics1 -->
