<?xml version="1.0" encoding="UTF-8"?>
<!-- Generated by org.testng.reporters.JUnitReportReporter -->
<testsuite hostname="k2so" failures="0" tests="3" name="dynamicJson" time="3.602" errors="0" timestamp="22 Aug 2019 02:26:39 GMT" skipped="0">
  <testcase classname="dynamicJson" name="addBookAPI" time="2.038"/>
  <testcase classname="dynamicJson" name="addBookAPI" time="0.859"/>
  <testcase classname="dynamicJson" name="addBookAPI" time="0.705"/>
</testsuite> <!-- dynamicJson -->
