<?xml version="1.0" encoding="UTF-8"?>
<!-- Generated by org.testng.reporters.JUnitReportReporter -->
<testsuite hostname="k2so" failures="0" tests="1" name="basics4" time="2.658" errors="0" timestamp="22 Jul 2019 21:22:05 GMT" skipped="0">
  <testcase classname="basics4" name="getAPI" time="2.658"/>
</testsuite> <!-- basics4 -->
