<?xml version="1.0" encoding="UTF-8"?>
<!-- Generated by org.testng.reporters.JUnitReportReporter -->
<testsuite hostname="k2so" failures="0" tests="1" name="StaticJson" time="2.202" errors="0" timestamp="22 Aug 2019 03:04:46 GMT" skipped="0">
  <testcase classname="StaticJson" name="addBook" time="2.202"/>
</testsuite> <!-- StaticJson -->
