<?xml version="1.0" encoding="UTF-8"?>
<!-- Generated by org.testng.reporters.JUnitReportReporter -->
<testsuite hostname="k2so" failures="0" tests="1" name="basics" time="3.494" errors="0" timestamp="03 Jul 2019 00:40:35 GMT" skipped="0">
  <testcase classname="basics" name="getAPI" time="3.494"/>
</testsuite> <!-- basics -->
