<?xml version="1.0" encoding="UTF-8"?>
<!-- Generated by org.testng.reporters.JUnitReportReporter -->
<testsuite hostname="k2so" failures="0" tests="1" name="basics2" time="2.188" errors="0" timestamp="03 Jul 2019 00:44:22 GMT" skipped="0">
  <testcase classname="basics2" name="postAPI" time="2.188"/>
</testsuite> <!-- basics2 -->
