<?xml version="1.0" encoding="UTF-8"?>
<!-- Generated by org.testng.reporters.JUnitReportReporter -->
<testsuite hostname="k2so" failures="0" tests="1" name="basics3" time="2.997" errors="0" timestamp="09 Jul 2019 17:10:11 GMT" skipped="0">
  <testcase classname="basics3" name="deleteAPI" time="2.997"/>
</testsuite> <!-- basics3 -->
